<?xml version="1.0" encoding="UTF-8"?>
<testng-results skipped="0" failed="0" ignored="0" total="2" passed="2">
  <reporter-output>
  </reporter-output>
  <suite name="Suite" duration-ms="35928" started-at="2020-05-14T05:00:26 PDT" finished-at="2020-05-14T05:01:02 PDT">
    <groups>
    </groups>
    <test name="Grid Parallel Test with chrome" duration-ms="19207" started-at="2020-05-14T05:00:26 PDT" finished-at="2020-05-14T05:00:45 PDT">
      <class name="com.test.grid.ParallelExecutionTwo">
        <test-method status="PASS" signature="setUp(java.lang.String)[pri:0, instance:com.test.grid.ParallelExecutionTwo@71bbf57e]" name="setUp" is-config="true" duration-ms="11128" started-at="2020-05-14T05:00:26 PDT" finished-at="2020-05-14T05:00:37 PDT">
          <params>
            <param index="0">
              <value>
                <![CDATA[chrome]]>
              </value>
            </param>
          </params>
          <reporter-output>
          </reporter-output>
        </test-method> <!-- setUp -->
        <test-method status="PASS" signature="testGooglePageTitleInChrome()[pri:0, instance:com.test.grid.ParallelExecutionTwo@71bbf57e]" name="testGooglePageTitleInChrome" duration-ms="7605" started-at="2020-05-14T05:00:37 PDT" finished-at="2020-05-14T05:00:45 PDT">
          <reporter-output>
          </reporter-output>
        </test-method> <!-- testGooglePageTitleInChrome -->
        <test-method status="PASS" signature="tearDown()[pri:0, instance:com.test.grid.ParallelExecutionTwo@71bbf57e]" name="tearDown" is-config="true" duration-ms="429" started-at="2020-05-14T05:00:45 PDT" finished-at="2020-05-14T05:00:45 PDT">
          <reporter-output>
          </reporter-output>
        </test-method> <!-- tearDown -->
      </class> <!-- com.test.grid.ParallelExecutionTwo -->
    </test> <!-- Grid Parallel Test with chrome -->
    <test name="Grid Parallel Test with firefox" duration-ms="35928" started-at="2020-05-14T05:00:26 PDT" finished-at="2020-05-14T05:01:02 PDT">
      <class name="com.test.grid.ParallelExecutionOne">
        <test-method status="PASS" signature="setUp(java.lang.String)[pri:0, instance:com.test.grid.ParallelExecutionOne@6ebc05a6]" name="setUp" is-config="true" duration-ms="15363" started-at="2020-05-14T05:00:26 PDT" finished-at="2020-05-14T05:00:41 PDT">
          <params>
            <param index="0">
              <value>
                <![CDATA[firefox]]>
              </value>
            </param>
          </params>
          <reporter-output>
          </reporter-output>
        </test-method> <!-- setUp -->
        <test-method status="PASS" signature="testGooglePageTitleInFirefox()[pri:0, instance:com.test.grid.ParallelExecutionOne@6ebc05a6]" name="testGooglePageTitleInFirefox" duration-ms="14534" started-at="2020-05-14T05:00:41 PDT" finished-at="2020-05-14T05:00:56 PDT">
          <reporter-output>
          </reporter-output>
        </test-method> <!-- testGooglePageTitleInFirefox -->
        <test-method status="PASS" signature="tearDown()[pri:0, instance:com.test.grid.ParallelExecutionOne@6ebc05a6]" name="tearDown" is-config="true" duration-ms="6005" started-at="2020-05-14T05:00:56 PDT" finished-at="2020-05-14T05:01:02 PDT">
          <reporter-output>
          </reporter-output>
        </test-method> <!-- tearDown -->
      </class> <!-- com.test.grid.ParallelExecutionOne -->
    </test> <!-- Grid Parallel Test with firefox -->
  </suite> <!-- Suite -->
</testng-results>
